<?xml version="1.0" encoding="UTF-8"?>
<!-- Generated by org.testng.reporters.JUnitReportReporter -->
<testsuite skipped="0" hostname="Luis-Hernandez.local" name="rivetlogic.automation.baseline.testcases.basetestsuite.samples.RightPanelTestCases" tests="6" failures="0" timestamp="13 Jun 2017 18:44:02 GMT" time="213.638" errors="0">
  <testcase name="NUCP119" time="31.705" classname="rivetlogic.automation.baseline.testcases.basetestsuite.samples.RightPanelTestCases"/>
  <testcase name="NUCP26" time="15.254" classname="rivetlogic.automation.baseline.testcases.basetestsuite.samples.RightPanelTestCases"/>
  <testcase name="NUCP27" time="7.269" classname="rivetlogic.automation.baseline.testcases.basetestsuite.samples.RightPanelTestCases"/>
  <testcase name="NUCP22" time="5.219" classname="rivetlogic.automation.baseline.testcases.basetestsuite.samples.RightPanelTestCases"/>
  <testcase name="NUCP20" time="5.104" classname="rivetlogic.automation.baseline.testcases.basetestsuite.samples.RightPanelTestCases"/>
  <testcase name="NUCP21" time="149.087" classname="rivetlogic.automation.baseline.testcases.basetestsuite.samples.RightPanelTestCases"/>
</testsuite> <!-- rivetlogic.automation.baseline.testcases.basetestsuite.samples.RightPanelTestCases -->
