<?xml version="1.0" encoding="UTF-8"?>
<!-- Generated by org.testng.reporters.JUnitReportReporter -->
<testsuite skipped="0" hostname="Luis-Hernandez.local" name="rivetlogic.automation.baseline.testcases.basetestsuite.samples.AppsAndLinksTestCaseNUCP119" tests="1" failures="0" timestamp="01 Jun 2017 17:18:11 GMT" time="41.028" errors="0">
  <testcase name="NUCP119" time="41.028" classname="rivetlogic.automation.baseline.testcases.basetestsuite.samples.AppsAndLinksTestCaseNUCP119"/>
</testsuite> <!-- rivetlogic.automation.baseline.testcases.basetestsuite.samples.AppsAndLinksTestCaseNUCP119 -->
